building the system configuration...
error:
       … while calling the 'head' builtin
         at /nix/store/kx37nlgm4lx1m8xdvjvnidh5x8j0plk9-nixos/nixos/lib/attrsets.nix:1534:13:
         1533|           if length values == 1 || pred here (elemAt values 1) (head values) then
         1534|             head values
             |             ^
         1535|           else

       … while evaluating the attribute 'value'
         at /nix/store/kx37nlgm4lx1m8xdvjvnidh5x8j0plk9-nixos/nixos/lib/modules.nix:1118:7:
         1117|     // {
         1118|       value = addErrorContext "while evaluating the option `${showOption loc}':" value;
             |       ^
         1119|       inherit (res.defsFinal') highestPrio;

       … while evaluating the option `system.build.toplevel':

       … while evaluating definitions from `/nix/store/kx37nlgm4lx1m8xdvjvnidh5x8j0plk9-nixos/nixos/nixos/modules/system/activation/top-level.nix':

       … while evaluating the option `system.systemBuilderArgs':

       … while evaluating definitions from `/nix/store/kx37nlgm4lx1m8xdvjvnidh5x8j0plk9-nixos/nixos/nixos/modules/system/activation/activatable-system.nix':

       … while evaluating the option `system.activationScripts.etc.text':

       … while evaluating definitions from `/nix/store/kx37nlgm4lx1m8xdvjvnidh5x8j0plk9-nixos/nixos/nixos/modules/system/etc/etc-activation.nix':

       … while evaluating definitions from `/nix/store/kx37nlgm4lx1m8xdvjvnidh5x8j0plk9-nixos/nixos/nixos/modules/system/etc/etc.nix':

       … while evaluating the option `environment.etc.dbus-1.source':

       (stack trace truncated; use '--show-trace' to show the full, detailed trace)

       error: Package ‘libxml2-2.13.8’ in /nix/store/kx37nlgm4lx1m8xdvjvnidh5x8j0plk9-nixos/nixos/pkgs/development/libraries/libxml2/default.nix:159 is marked as insecure, refusing to evaluate.


       Known issues:
        - CVE-2025-49794
        - CVE-2025-49796
        - CVE-2025-6021

       You can install it anyway by allowing this package, using the
       following methods:

       a) To temporarily allow all insecure packages, you can use an environment
          variable for a single invocation of the nix tools:

            $ export NIXPKGS_ALLOW_INSECURE=1

          Note: When using `nix shell`, `nix build`, `nix develop`, etc with a flake,
                then pass `--impure` in order to allow use of environment variables.

       b) for `nixos-rebuild` you can add ‘libxml2-2.13.8’ to
          `nixpkgs.config.permittedInsecurePackages` in the configuration.nix,
          like so:

            {
              nixpkgs.config.permittedInsecurePackages = [
                "libxml2-2.13.8"
              ];
            }

       c) For `nix-env`, `nix-build`, `nix-shell` or any other Nix command you can add
          ‘libxml2-2.13.8’ to `permittedInsecurePackages` in
          ~/.config/nixpkgs/config.nix, like so:

            {
              permittedInsecurePackages = [
                "libxml2-2.13.8"
              ];
            }
Command 'nix-build '<nixpkgs/nixos>' --attr config.system.build.toplevel --include nixos-config=./configuration.nix --no-out-link' returned non-zero exit status 1.
